生成启动时间为 2016/3/12 13:01:06。
     1>项目“d:\用户目录\我的文档\visual studio 2010\Projects\241392350_杨威 四则运算\241392350_杨威 四则运算\241392350_杨威 四则运算.vcxproj”在节点 2 上(build 个目标)。
     1>InitializeBuildStatus:
         正在对“Debug\241392350_杨威 四则运算.unsuccessfulbuild”执行 Touch 任务。
       ClCompile:
         所有输出均为最新。
         C:\Program Files\Microsoft Visual Studio 10.0\VC\bin\CL.exe /c /ZI /nologo /W3 /WX- /Od /Oy- /D WIN32 /D _DEBUG /D _CONSOLE /D _UNICODE /D UNICODE /Gm /EHsc /RTC1 /MDd /GS /fp:precise /Zc:wchar_t /Zc:forScope /Yu"StdAfx.h" /Fp"Debug\241392350_杨威 四则运算.pch" /Fo"Debug\\" /Fd"Debug\vc100.pdb" /Gd /TP /analyze- /errorReport:prompt "241392350_杨威 四则运算.cpp"
         241392350_杨威 四则运算.cpp
     1>d:\用户目录\我的文档\visual studio 2010\projects\241392350_杨威 四则运算\241392350_杨威 四则运算\241392350_杨威 四则运算.cpp(102): warning C4244: “参数”: 从“time_t”转换到“unsigned int”，可能丢失数据
     1>d:\用户目录\我的文档\visual studio 2010\projects\241392350_杨威 四则运算\241392350_杨威 四则运算\241392350_杨威 四则运算.cpp(135): warning C4996: 'getch': The POSIX name for this item is deprecated. Instead, use the ISO C++ conformant name: _getch. See online help for details.
                 c:\program files\microsoft visual studio 10.0\vc\include\conio.h(128) : 参见“getch”的声明
       ManifestResourceCompile:
         C:\Program Files\Microsoft SDKs\Windows\v7.0A\bin\rc.exe /nologo /fo"Debug\241392350_杨威 四则运算.exe.embed.manifest.res" "Debug\241392350_杨威 四则运算_manifest.rc" 
       Link:
         C:\Program Files\Microsoft Visual Studio 10.0\VC\bin\link.exe /ERRORREPORT:PROMPT /OUT:"d:\用户目录\我的文档\visual studio 2010\Projects\241392350_杨威 四则运算\Debug\241392350_杨威 四则运算.exe" /INCREMENTAL /NOLOGO kernel32.lib user32.lib gdi32.lib winspool.lib comdlg32.lib advapi32.lib shell32.lib ole32.lib oleaut32.lib uuid.lib odbc32.lib odbccp32.lib /MANIFEST /ManifestFile:"Debug\241392350_杨威 四则运算.exe.intermediate.manifest" /MANIFESTUAC:"level='asInvoker' uiAccess='false'" /DEBUG /PDB:"d:\用户目录\我的文档\visual studio 2010\Projects\241392350_杨威 四则运算\Debug\241392350_杨威 四则运算.pdb" /SUBSYSTEM:CONSOLE /TLBID:1 /DYNAMICBASE /NXCOMPAT /IMPLIB:"d:\用户目录\我的文档\visual studio 2010\Projects\241392350_杨威 四则运算\Debug\241392350_杨威 四则运算.lib" /MACHINE:X86 "Debug\241392350_杨威 四则运算.exe.embed.manifest.res"
         "Debug\241392350_杨威 四则运算.obj"
         Debug\stdafx.obj
       Manifest:
         C:\Program Files\Microsoft SDKs\Windows\v7.0A\bin\mt.exe /nologo /verbose /out:"Debug\241392350_杨威 四则运算.exe.embed.manifest" /manifest "Debug\241392350_杨威 四则运算.exe.intermediate.manifest"
         C:\Program Files\Microsoft SDKs\Windows\v7.0A\bin\rc.exe /nologo /fo"Debug\241392350_杨威 四则运算.exe.embed.manifest.res" "Debug\241392350_杨威 四则运算_manifest.rc" 
       LinkEmbedManifest:
         C:\Program Files\Microsoft Visual Studio 10.0\VC\bin\link.exe /ERRORREPORT:PROMPT /OUT:"d:\用户目录\我的文档\visual studio 2010\Projects\241392350_杨威 四则运算\Debug\241392350_杨威 四则运算.exe" /INCREMENTAL /NOLOGO kernel32.lib user32.lib gdi32.lib winspool.lib comdlg32.lib advapi32.lib shell32.lib ole32.lib oleaut32.lib uuid.lib odbc32.lib odbccp32.lib /MANIFEST /ManifestFile:"Debug\241392350_杨威 四则运算.exe.intermediate.manifest" /MANIFESTUAC:"level='asInvoker' uiAccess='false'" /DEBUG /PDB:"d:\用户目录\我的文档\visual studio 2010\Projects\241392350_杨威 四则运算\Debug\241392350_杨威 四则运算.pdb" /SUBSYSTEM:CONSOLE /TLBID:1 /DYNAMICBASE /NXCOMPAT /IMPLIB:"d:\用户目录\我的文档\visual studio 2010\Projects\241392350_杨威 四则运算\Debug\241392350_杨威 四则运算.lib" /MACHINE:X86 "Debug\241392350_杨威 四则运算.exe.embed.manifest.res"
         "Debug\241392350_杨威 四则运算.obj"
         Debug\stdafx.obj
         241392350_杨威 四则运算.vcxproj -> d:\用户目录\我的文档\visual studio 2010\Projects\241392350_杨威 四则运算\Debug\241392350_杨威 四则运算.exe
       FinalizeBuildStatus:
         正在删除文件“Debug\241392350_杨威 四则运算.unsuccessfulbuild”。
         正在对“Debug\241392350_杨威 四则运算.lastbuildstate”执行 Touch 任务。
     1>已完成生成项目“d:\用户目录\我的文档\visual studio 2010\Projects\241392350_杨威 四则运算\241392350_杨威 四则运算\241392350_杨威 四则运算.vcxproj”(build 个目标)的操作。

生成成功。

已用时间 00:00:05.11
